node: bad option: --env-file=.env
node: bad option: --env-file=.env
node: bad option: --env-file=.env
node: bad option: --env-file=.env
node: bad option: --env-file=.env
node: bad option: --env-file=.env
node: bad option: --env-file=.env
node: bad option: --env-file=.env
node: bad option: --env-file=.env
node: bad option: --env-file=.env
node: bad option: --env-file=.env
node: bad option: --env-file=.env
node: bad option: --env-file=.env
node: bad option: --env-file=.env
node: bad option: --env-file=.env
node: bad option: --env-file=.env
/opt/bitnami/apache/htdocs/CrazyAuto/dist/jobs/syncProducts/_saveProducts.js:57
                    Gold: product.group_price["4"].price,
                                                   ^

TypeError: Cannot read properties of undefined (reading 'price')
    at /opt/bitnami/apache/htdocs/CrazyAuto/dist/jobs/syncProducts/_saveProducts.js:57:52
    at Generator.next (<anonymous>)
    at fulfilled (/opt/bitnami/apache/htdocs/CrazyAuto/dist/jobs/syncProducts/_saveProducts.js:5:58)
    at process.processTicksAndRejections (node:internal/process/task_queues:95:5)

Node.js v18.19.0
/opt/bitnami/apache/htdocs/CrazyAuto/dist/jobs/syncCustomers/index.js:26
                console.log((0, utils_1.timestampToDateTimeStr)((0, utils_1.getNow)()), "=>", "sync customers", "pageNo", i + 1, "quantity", res.orders.length);
                                                                                                                                                        ^

TypeError: Cannot read properties of undefined (reading 'length')
    at /opt/bitnami/apache/htdocs/CrazyAuto/dist/jobs/syncCustomers/index.js:26:153
    at Generator.next (<anonymous>)
    at fulfilled (/opt/bitnami/apache/htdocs/CrazyAuto/dist/jobs/syncCustomers/index.js:5:58)
    at process.processTicksAndRejections (node:internal/process/task_queues:95:5)

Node.js v18.19.0
